G1010
G2099
G1261
G1522
G2294
G2306
G2309
G2326
G2344
G2316
G2318
G2822
G1924
G2328
G2332
G2464
G589
G1788
G2650
G551m
G2805
G465
G497m
G1154
G302m
G1156
G19
G940
G1269
G1180
G405m
G1302m
G1923
G214
G60
G1358
G1360
G1566
G287
G1507
G1803
G1514
G1638
G1519m
G1647
G1914
G1619
G1865
G1955
G2034
G2213
G1285
G1334
G1651
G2486
G177m
G318
G1780
G2214
G2465m
G2469
G1795
G2307
G2638
G2827
G1188
G2097
G2786
G377
G395m
G89
G1015
G788FE29
G839m
G850m
G1452
G1304
G1305
G152
G1636
G454m
G1661
G1835
G1900
G1911
G2301
G2684
G2979
G298m
G1309
G1310
G1644
G1366
G1439
G1778
G1469
G125
G1676
G1484m
G192
G1105m
G176
G1772
G2117
G469m
G2241
G1018
G1314
G444
G1107
G1274
G126
G2491
G2410
G1992
G2177
G2458m
G2459m
G2466
G2476
G1192
G2138
G977
G675
G832m
G1347
G1708
G2264
G2407
G1351
G1967
G2785
G665
G1316
G1318
G2481
G2483m
G1543
G1518
G1849m
G2314
G2965
G1065
G2867
G1367
G2168
G1701
G545m
G2179
G2165
G2220
G1308
G1000
G1012
G111
G2194
G1303
G778m
G1822
G1898
G242
G2435
G2451
G356m
G1099
G1163
G1288m
G2036
G2041
G2201
G2475
G2498m
G368m
G553m
G566m
G139
G204
G2836
G1839
G2248
G1428
G2630
G73
G1023
G945
G142
G1438
G1141
G146m
G1747
G1761
G2079
G1273
G1494
G1495
G1621
G2230
G871m
G1505
G1506
G1513
G1517
G1525
G1635
G1524
G1576
G1805
G2623
G1544
G1630
G1089
G1061
G2243
G2457
G1564
G1570
G1578
G2567
G1461
G1585
G1715
G2137
G2152
G2416
G1604
G1821
G1862
G2023m
G1611
G1628
G2098
G1637
G1620
G1648
G1724
G1770
G1759
G2054m
G1090
G1769
G1763
G1782
G1954
G1854
G1889
G1939
G2780
G200
G268
G393m
G2024
G2728
G828m
G2033
G2074
G313m
G2128
G630m
G810m
G1128
G2154
G2160
G216
G508m
G2211
G2798Lib2
G2801
G2258
G2289
G2291
G2276
G2278
G228
G255
G1144
G2114
G2705
G2397
G2411
G1431
G2470
G25
G2571
G2579
G1481
G2606
G1190
G2648
G2749
G2685
G2698
G2837
G2806
G2807
G2894
G3003
G164
G2970
G2971
G1158m
G2953
G120
G431m
G435m
G554
G572
G565m
G83
G906
G934
G951
G958
G1011
G1610
G1732
G1859
G201
G2130
G1957
G2233
G2234
G2236
G2244
G1199
G1863
G1799
G1161
G1736
G1258
G1359
G1994
G1421
G2430
G1558
G1739
G2065
G1590
G1476
G1617
G1533
G1867m
G1711
G1784
G1238FE28
G1537
G1824
G1332
G1915
G1916
G1935
G1989
G2436
G2062
G2580
G2120
G2334
G2136
G247
G2169
G2172
G2254
G2261
G01
G02
G03
G1002
G1009
G101
G1017
G1019
G1022
G1036
G1043
G1056
G1058
G1059m
G1060
G1062m
G1063
G1068
G1073
G109
G1093m
G1098m
G110
G1113
G1137
G1152
G116
G1160
G117
G1170
G1185
G119
G1191
G1195
G1198
G1201
G1202
G1204
G122
G124
G1243
G1268
G127
G1270
G1272
G1277
G1279
G1280
G1286
G1293
G1296
G130
G1312
G1315
G1321
G1323
G1325
G1327
G1328
G1329
G1344
G1349
G135
G1353m
G1354
G1356
G1357m
G1365
G1368
G1369
G137
G1375
G1376
G1378
G1379
G1403
G1404
G1407
G1429
G143
G1433
G1437
G1447
G1458
G1459
G1465
G1467
G1471_NOSIP
G1474_NOSIP
G1487
G1489
G1492
G1497
G1498
G1499
G149m
G1500FE27
G1501FE36
G1509
G150m
G151
G1512
G1516
G1520
G1521
G1523
G1528
G1530
G1532
G1536
G1538
G1539
G1542
G1545
G1546
G1557
G1568
G1573
G1579
G1581
G1582
G1583
G1586
G1607
G1609
G1612
G1614
G1618
G1631
G1633
G1646
G165
G1652
G1654
G1657
G166
G1660
G1663
G1664
G167
G1671
G1672
G1675
G1678
G1683
G1684
G1685
G1686
G1687
G1697
G1700
G1702
G1703
G1705
G1713
G1716m
G1717
G1718
G1725
G1726
G1727
G1728
G1733
G1740
G1741
G1743
G1750
G1751
G1753
G1754
G1756m
G1757
G1758
G1760
G1762
G1764
G1765
G1766
G1767
G1768
G1773
G1774
G1777m
G1783
G1787
G1801
G180m
G1817
G1818
G1819
G182
G1825
G1826
G1827
G1828m
G183
G1831
G1836
G1837
G1841
G1850
G1852
G1853
G1858m
G186
G1860
G1861
G1864
G1868m
G1870
G1885
G1892
G1893
G1896m
G190
G1906
G1907
G191
G1912
G1913
G1918
G1920
G1921
G1926
G1932
G1934
G1936
G1938
G1940
G1941
G1942
G1943
G1944
G1945
G1953
G1956
G196
G1962
G1964
G1966
G1968
G1970
G1971
G1972
G1984
G1985
G1988
G1996
G1997
G1998
G1999
G2002
G2015
G2017
G202
G2022
G2027
G2029
G2030
G2031m
G2039
G2042
G2048
G205
G2051
G2052
G2055m
G2057
G2063
G2064
G2066
G2070
G2071
G2072
G2075
G208
G2081
G2083
G2089
G2090
G2092
G2093
G2101
G2102
G2104
G2107
G211
G2112
G212
G2121
G213
G2133
G2134
G2135
G2144
G2145
G2147
G2148m
G2151
G2156
G2162
G2163m
G2164
G2166
G2167
G217
G2171
G2173
G2174
G2178m
G2180
G2181
G2187
G2188
G2191
G2192
G2195
G2196
G22
G2203
G2204
G2206
G2218
G222
G2222
G2225
G2226
G2227
G2228
G2229
G2231
G2232
G2235
G2238
G2239
G224
G2245
G2246
G2249
G2252
G226
G2265
G2267
G227
G2279
G2280
G229
G2292
G2296
G2297
G2302
G2305
G2308m
G2310
G2312
G2313
G2319
G2336
G2338
G2345
G2347
G237
G2371m
G2386
G2413
G2414
G2415
G2417
G2418
G2420
G2423
G243
G2447
G2450
G2452
G245m
G2463
G2468
G2471
G2472
G2477
G2478
G2479
G2490
G2496
G2497
G2500
G2501
G251
G2511
G2512
G2526
G2527
G253
G2534
G2535
G2541
G2547
G257
G259
G2602
G2603
G261
G2612
G2615
G2622
G2626
G2645
G2653
G2656
G2657
G266
G2668
G2682
G2688
G2691
G2695
G2704
G2706
G2707
G2709
G2726
G2727
G2761
G2766
G2767
G2769
G2770
G2772
G2773
G2788
G2789
G278m
G2791
G2796
G280
G2803
G2804
G2809
G2812
G2817
G2821
G2828
G2830
G2831
G2843
G2874
G2875
G290m
G2911
G2912
G2921
G2954
G2959
G2978
G2981
G2982
G2986
G3004
G3053
G3058
G3061
G3073
G3074
G3077
G320m
G321m
G323m
G337
G338m
G348m
G350m
G351
G357m
G358m
G398m
G402m
G403m
G406m
G407m
G408m
G409
G410m
G419m
G428m
G440
G441m
G442m
G450m
G453m
G460
G463m
G468m
G471m
G478m
G482m
G486
G498m
G499m
G501m
G503m
G512m
G525m
G536m
G549m
G556m
G558m
G559
G563
G564m
G568m
G570
G571m
G577
G579
G58
G581m
G584m
G587
G594m
G597
G63
G634m
G642
G650
G651m
G661m
G67m
G69
G694m
G697m
G701m
G75
G757m
G77
G770m
G78
G79
G81
G818m
G820
G824m
G826m
G838m
G846m
G85
G851m
G856m
G860m
G861m
G863m
G868m
G873m
G876m
G878
G879m
G880m
G884
G885
G886
G891
G901
G91
G910
G921
G922
G925
G926
G937
G941
G947
G95m_NOSIP
G960
G979
G987
G989
G995
